c:\users\dmitry.ra\desktop\studies\spring 2015-2016\236754\obstacleavoidance\obstacleavoidance\x64\debug\vc140.pdb
c:\users\dmitry.ra\desktop\studies\spring 2015-2016\236754\obstacleavoidance\obstacleavoidance\x64\debug\vc140.idb
c:\users\dmitry.ra\desktop\studies\spring 2015-2016\236754\obstacleavoidance\obstacleavoidance\x64\debug\cameramodel.nativecodeanalysis.xml
c:\users\dmitry.ra\desktop\studies\spring 2015-2016\236754\obstacleavoidance\obstacleavoidance\x64\debug\constants.nativecodeanalysis.xml
c:\users\dmitry.ra\desktop\studies\spring 2015-2016\236754\obstacleavoidance\obstacleavoidance\x64\debug\disparity.nativecodeanalysis.xml
c:\users\dmitry.ra\desktop\studies\spring 2015-2016\236754\obstacleavoidance\obstacleavoidance\x64\debug\logger.nativecodeanalysis.xml
c:\users\dmitry.ra\desktop\studies\spring 2015-2016\236754\obstacleavoidance\obstacleavoidance\x64\debug\main2.nativecodeanalysis.xml
c:\users\dmitry.ra\desktop\studies\spring 2015-2016\236754\obstacleavoidance\obstacleavoidance\x64\debug\monocameraview.nativecodeanalysis.xml
c:\users\dmitry.ra\desktop\studies\spring 2015-2016\236754\obstacleavoidance\obstacleavoidance\x64\debug\posix_serial.nativecodeanalysis.xml
c:\users\dmitry.ra\desktop\studies\spring 2015-2016\236754\obstacleavoidance\obstacleavoidance\x64\debug\pwm.nativecodeanalysis.xml
c:\users\dmitry.ra\desktop\studies\spring 2015-2016\236754\obstacleavoidance\obstacleavoidance\x64\debug\robotcontroller.nativecodeanalysis.xml
c:\users\dmitry.ra\desktop\studies\spring 2015-2016\236754\obstacleavoidance\obstacleavoidance\x64\debug\robotmaneuver.nativecodeanalysis.xml
c:\users\dmitry.ra\desktop\studies\spring 2015-2016\236754\obstacleavoidance\obstacleavoidance\x64\debug\robotvision.nativecodeanalysis.xml
c:\users\dmitry.ra\desktop\studies\spring 2015-2016\236754\obstacleavoidance\obstacleavoidance\x64\debug\serialport.nativecodeanalysis.xml
c:\users\dmitry.ra\desktop\studies\spring 2015-2016\236754\obstacleavoidance\obstacleavoidance\x64\debug\serialport.obj
c:\users\dmitry.ra\desktop\studies\spring 2015-2016\236754\obstacleavoidance\obstacleavoidance\x64\debug\robotvision.obj
c:\users\dmitry.ra\desktop\studies\spring 2015-2016\236754\obstacleavoidance\obstacleavoidance\x64\debug\robotmaneuver.obj
c:\users\dmitry.ra\desktop\studies\spring 2015-2016\236754\obstacleavoidance\obstacleavoidance\x64\debug\robotcontroller.obj
c:\users\dmitry.ra\desktop\studies\spring 2015-2016\236754\obstacleavoidance\obstacleavoidance\x64\debug\pwm.obj
c:\users\dmitry.ra\desktop\studies\spring 2015-2016\236754\obstacleavoidance\obstacleavoidance\x64\debug\posix_serial.obj
c:\users\dmitry.ra\desktop\studies\spring 2015-2016\236754\obstacleavoidance\obstacleavoidance\x64\debug\monocameraview.obj
c:\users\dmitry.ra\desktop\studies\spring 2015-2016\236754\obstacleavoidance\obstacleavoidance\x64\debug\main2.obj
c:\users\dmitry.ra\desktop\studies\spring 2015-2016\236754\obstacleavoidance\obstacleavoidance\x64\debug\logger.obj
c:\users\dmitry.ra\desktop\studies\spring 2015-2016\236754\obstacleavoidance\obstacleavoidance\x64\debug\disparity.obj
c:\users\dmitry.ra\desktop\studies\spring 2015-2016\236754\obstacleavoidance\obstacleavoidance\x64\debug\constants.obj
c:\users\dmitry.ra\desktop\studies\spring 2015-2016\236754\obstacleavoidance\obstacleavoidance\x64\debug\cameramodel.obj
c:\users\dmitry.ra\desktop\studies\spring 2015-2016\236754\obstacleavoidance\obstacleavoidance\x64\debug\robotinputparser.obj
c:\users\dmitry.ra\desktop\studies\spring 2015-2016\236754\obstacleavoidance\obstacleavoidance\x64\debug\recordedcamera.obj
c:\users\dmitry.ra\desktop\studies\spring 2015-2016\236754\obstacleavoidance\x64\debug\obstacleavoidance.ilk
c:\users\dmitry.ra\desktop\studies\spring 2015-2016\236754\obstacleavoidance\x64\debug\obstacleavoidance.exe
c:\users\dmitry.ra\desktop\studies\spring 2015-2016\236754\obstacleavoidance\x64\debug\obstacleavoidance.pdb
c:\users\dmitry.ra\desktop\studies\spring 2015-2016\236754\obstacleavoidance\obstacleavoidance\x64\debug\nativecodeanalysis.read.1.tlog
c:\users\dmitry.ra\desktop\studies\spring 2015-2016\236754\obstacleavoidance\obstacleavoidance\x64\debug\vc.nativecodeanalysis.all.xml
c:\users\dmitry.ra\desktop\studies\spring 2015-2016\236754\obstacleavoidance\x64\debug\obstacleavoidance.exe.lastcodeanalysissucceeded
c:\users\dmitry.ra\desktop\studies\spring 2015-2016\236754\obstacleavoidance\obstacleavoidance\x64\debug\obstacle.7e26a0a3.tlog\cl.command.1.tlog
c:\users\dmitry.ra\desktop\studies\spring 2015-2016\236754\obstacleavoidance\obstacleavoidance\x64\debug\obstacle.7e26a0a3.tlog\cl.read.1.tlog
c:\users\dmitry.ra\desktop\studies\spring 2015-2016\236754\obstacleavoidance\obstacleavoidance\x64\debug\obstacle.7e26a0a3.tlog\cl.write.1.tlog
c:\users\dmitry.ra\desktop\studies\spring 2015-2016\236754\obstacleavoidance\obstacleavoidance\x64\debug\obstacle.7e26a0a3.tlog\link.command.1.tlog
c:\users\dmitry.ra\desktop\studies\spring 2015-2016\236754\obstacleavoidance\obstacleavoidance\x64\debug\obstacle.7e26a0a3.tlog\link.read.1.tlog
c:\users\dmitry.ra\desktop\studies\spring 2015-2016\236754\obstacleavoidance\obstacleavoidance\x64\debug\obstacle.7e26a0a3.tlog\link.write.1.tlog
